{"uuid":"cbc26d2c-4573-4b41-8e6d-00ba7a9574cc","historyId":"6ff14697dfa8765a5e1c2538c2be05da","fullName":"Tests.T01_e2e_Scenario.test","labels":[{"name":"package","value":"Tests.T01_e2e_Scenario"},{"name":"testClass","value":"Tests.T01_e2e_Scenario"},{"name":"testMethod","value":"test"},{"name":"parentSuite","value":"Default Suite"},{"name":"suite","value":"TESTINNGG"},{"name":"subSuite","value":"Tests.T01_e2e_Scenario"},{"name":"host","value":"Joe"},{"name":"thread","value":"14100@Joe.main(1)"},{"name":"framework","value":"testng"},{"name":"language","value":"java"}],"links":[],"name":"test","status":"failed","statusDetails":{"known":false,"muted":false,"flaky":false,"message":"Assertion failed; expected 1, but found 0","trace":"java.lang.AssertionError: Assertion failed; expected 1, but found 0\r\n\tat org.testng.Assert.fail(Assert.java:111)\r\n\tat com.shaft.tools.io.internal.FailureReporter.fail(FailureReporter.java:43)\r\n\tat com.shaft.validation.internal.ValidationsHelper2.lambda$reportValidationState$10(ValidationsHelper2.java:267)\r\n\tat io.qameta.allure.AllureLifecycle.updateStep(AllureLifecycle.java:520)\r\n\tat io.qameta.allure.AllureLifecycle.updateStep(AllureLifecycle.java:501)\r\n\tat com.shaft.validation.internal.ValidationsHelper2.reportValidationState(ValidationsHelper2.java:267)\r\n\tat com.shaft.validation.internal.ValidationsHelper2.validateEquals(ValidationsHelper2.java:52)\r\n\tat com.shaft.validation.internal.ValidationsExecutor.performValidation(ValidationsExecutor.java:167)\r\n\tat com.shaft.validation.internal.ValidationsExecutor.internalPerform(ValidationsExecutor.java:154)\r\n\tat com.shaft.validation.internal.NativeValidationsBuilder.isEqualTo(NativeValidationsBuilder.java:83)\r\n\tat Tests.T01_e2e_Scenario.test(T01_e2e_Scenario.java:30)\r\n\tat java.base/jdk.internal.reflect.DirectMethodHandleAccessor.invoke(DirectMethodHandleAccessor.java:103)\r\n\tat java.base/java.lang.reflect.Method.invoke(Method.java:580)\r\n\tat org.testng.internal.invokers.MethodInvocationHelper.invokeMethod(MethodInvocationHelper.java:141)\r\n\tat org.testng.internal.invokers.TestInvoker.invokeMethod(TestInvoker.java:686)\r\n\tat org.testng.internal.invokers.TestInvoker.invokeTestMethod(TestInvoker.java:230)\r\n\tat org.testng.internal.invokers.MethodRunner.runInSequence(MethodRunner.java:63)\r\n\tat org.testng.internal.invokers.TestInvoker$MethodInvocationAgent.invoke(TestInvoker.java:992)\r\n\tat org.testng.internal.invokers.TestInvoker.invokeTestMethods(TestInvoker.java:203)\r\n\tat org.testng.internal.invokers.TestMethodWorker.invokeTestMethods(TestMethodWorker.java:154)\r\n\tat org.testng.internal.invokers.TestMethodWorker.run(TestMethodWorker.java:134)\r\n\tat java.base/java.util.ArrayList.forEach(ArrayList.java:1596)\r\n\tat org.testng.TestRunner.privateRun(TestRunner.java:739)\r\n\tat org.testng.TestRunner.run(TestRunner.java:614)\r\n\tat org.testng.SuiteRunner.runTest(SuiteRunner.java:421)\r\n\tat org.testng.SuiteRunner.runSequentially(SuiteRunner.java:413)\r\n\tat org.testng.SuiteRunner.privateRun(SuiteRunner.java:373)\r\n\tat org.testng.SuiteRunner.run(SuiteRunner.java:312)\r\n\tat org.testng.SuiteRunnerWorker.runSuite(SuiteRunnerWorker.java:52)\r\n\tat org.testng.SuiteRunnerWorker.run(SuiteRunnerWorker.java:95)\r\n\tat org.testng.TestNG.runSuitesSequentially(TestNG.java:1274)\r\n\tat org.testng.TestNG.runSuitesLocally(TestNG.java:1208)\r\n\tat org.testng.TestNG.runSuites(TestNG.java:1112)\r\n\tat org.testng.TestNG.run(TestNG.java:1079)\r\n\tat com.intellij.rt.testng.IDEARemoteTestNG.run(IDEARemoteTestNG.java:65)\r\n\tat com.intellij.rt.testng.RemoteTestNGStarter.main(RemoteTestNGStarter.java:105)\r\n"},"stage":"finished","steps":[{"name":"Navigate to url \"https://opensource-demo.orangehrmlive.com/\".","status":"passed","stage":"finished","steps":[],"attachments":[],"parameters":[],"start":1729079103587,"stop":1729079103587},{"name":"Type \"Admin\" into \"Username\".","status":"passed","stage":"finished","steps":[],"attachments":[],"parameters":[],"start":1729079104067,"stop":1729079104067},{"name":"Type \"admin123\" into \"Password\".","status":"passed","stage":"finished","steps":[],"attachments":[],"parameters":[],"start":1729079104169,"stop":1729079104169},{"name":"Click \"Login\".","status":"passed","stage":"finished","steps":[],"attachments":[],"parameters":[],"start":1729079105398,"stop":1729079105398},{"name":" Verify that the element located by \"By.cssSelector: .oxd-userdropdown-tab\" exists.","status":"passed","stage":"finished","steps":[{"name":"Verification passed","status":"passed","stage":"finished","steps":[],"attachments":[],"parameters":[],"start":1729079108444,"stop":1729079108444},{"name":"Verification passed","status":"passed","stage":"finished","steps":[],"attachments":[],"parameters":[],"start":1729079108444,"stop":1729079108444}],"attachments":[{"name":"Screenshot - Verify_14-45-08-435_16102024","source":"b163b356-e315-48ab-8ebf-8cd69f68d019-attachment.png","type":"image/png"}],"parameters":[{"name":"Locator","value":"By.cssSelector: .oxd-userdropdown-tab","mode":"default"},{"name":"Should exist","value":"true","mode":"default"},{"name":"Actual value","value":"true","mode":"default"}],"start":1729079105454,"stop":1729079108444},{"name":"Click \"By.xpath: //ul[@class=\"oxd-main-menu\"]/li [contains(.,'Admin')]\".","status":"passed","stage":"finished","steps":[],"attachments":[],"parameters":[],"start":1729079109287,"stop":1729079109287},{"name":"Get text \"(92) Records Found\" from \"By.xpath: //span[contains(.,'Records ')]\".","status":"passed","stage":"finished","steps":[],"attachments":[],"parameters":[],"start":1729079110040,"stop":1729079110040},{"name":"Get text \"A8DCo 010Z\" from \"A8DCo 010Z\".","status":"passed","stage":"finished","steps":[],"attachments":[],"parameters":[],"start":1729079110104,"stop":1729079110104},{"name":"Click \" Add\".","status":"passed","stage":"finished","steps":[],"attachments":[],"parameters":[],"start":1729079110646,"stop":1729079110646},{"name":"Click \"By.xpath: (//label[@class='oxd-label oxd-input-field-required'] [contains(.,'User Role') or contains(.,'Rol de Usuario')]//following::div)[1]\".","status":"passed","stage":"finished","steps":[],"attachments":[],"parameters":[],"start":1729079111169,"stop":1729079111169},{"name":"Click \"Admin\".","status":"passed","stage":"finished","steps":[],"attachments":[],"parameters":[],"start":1729079111384,"stop":1729079111384},{"name":"Click \"By.xpath: (//label[@class='oxd-label oxd-input-field-required'] [contains(.,'Status') or contains(.,'Estatus')]//following::div)[1]\".","status":"passed","stage":"finished","steps":[],"attachments":[],"parameters":[],"start":1729079111598,"stop":1729079111598},{"name":"Click \"Enabled\".","status":"passed","stage":"finished","steps":[],"attachments":[],"parameters":[],"start":1729079111835,"stop":1729079111835},{"name":"Type \"A8DCo 010Z\" into \"Type for hints...\".","status":"passed","stage":"finished","steps":[],"attachments":[],"parameters":[],"start":1729079112043,"stop":1729079112043},{"name":"Key press \"ARROW_DOWN\" against \"Type for hints...\".","status":"passed","stage":"finished","steps":[],"attachments":[],"parameters":[],"start":1729079114726,"stop":1729079114726},{"name":"Key press \"ENTER\" against \"Type for hints...\".","status":"passed","stage":"finished","steps":[],"attachments":[],"parameters":[],"start":1729079114860,"stop":1729079114860},{"name":"Type \"AhmadJoe\" into \"By.xpath: (//label[text()='Username' or text()='Nombre de usuario']//following::input)[1]\".","status":"passed","stage":"finished","steps":[],"attachments":[],"parameters":[],"start":1729079115046,"stop":1729079115046},{"name":"Type \"Test@1234\" into \"By.xpath: (//label[text()='Password' or text()='Contraseña']//following::input)[1]\".","status":"passed","stage":"finished","steps":[],"attachments":[],"parameters":[],"start":1729079115259,"stop":1729079115259},{"name":"Type \"Test@1234\" into \"By.xpath: //label[text()='Confirm Password' or text()='Confirme contraseña']//following::input\".","status":"passed","stage":"finished","steps":[],"attachments":[],"parameters":[],"start":1729079115455,"stop":1729079115455},{"name":"Click \"Save\".","status":"passed","stage":"finished","steps":[],"attachments":[],"parameters":[],"start":1729079115680,"stop":1729079115680},{"name":"Get text \"(92) Records Found\" from \"By.xpath: //span[contains(.,'Records ')]\".","status":"passed","stage":"finished","steps":[],"attachments":[],"parameters":[],"start":1729079122099,"stop":1729079122099},{"name":"Get text \"A8DCo 010Z\" from \"A8DCo 010Z\".","status":"passed","stage":"finished","steps":[],"attachments":[],"parameters":[],"start":1729079122163,"stop":1729079122163},{"name":" Assert that \"0\" is equal to \"1\".","status":"failed","statusDetails":{"known":false,"muted":false,"flaky":false,"message":"Assertion failed; expected 1, but found 0","trace":"java.lang.AssertionError: Assertion failed; expected 1, but found 0\r\n\tat org.testng.Assert.fail(Assert.java:111)\r\n\tat com.shaft.tools.io.internal.FailureReporter.fail(FailureReporter.java:43)\r\n\tat com.shaft.validation.internal.ValidationsHelper2.lambda$reportValidationState$10(ValidationsHelper2.java:267)\r\n\tat io.qameta.allure.AllureLifecycle.updateStep(AllureLifecycle.java:520)\r\n\tat io.qameta.allure.AllureLifecycle.updateStep(AllureLifecycle.java:501)\r\n\tat com.shaft.validation.internal.ValidationsHelper2.reportValidationState(ValidationsHelper2.java:267)\r\n\tat com.shaft.validation.internal.ValidationsHelper2.validateEquals(ValidationsHelper2.java:52)\r\n\tat com.shaft.validation.internal.ValidationsExecutor.performValidation(ValidationsExecutor.java:167)\r\n\tat com.shaft.validation.internal.ValidationsExecutor.internalPerform(ValidationsExecutor.java:154)\r\n\tat com.shaft.validation.internal.NativeValidationsBuilder.isEqualTo(NativeValidationsBuilder.java:83)\r\n\tat Tests.T01_e2e_Scenario.test(T01_e2e_Scenario.java:30)\r\n\tat java.base/jdk.internal.reflect.DirectMethodHandleAccessor.invoke(DirectMethodHandleAccessor.java:103)\r\n\tat java.base/java.lang.reflect.Method.invoke(Method.java:580)\r\n\tat org.testng.internal.invokers.MethodInvocationHelper.invokeMethod(MethodInvocationHelper.java:141)\r\n\tat org.testng.internal.invokers.TestInvoker.invokeMethod(TestInvoker.java:686)\r\n\tat org.testng.internal.invokers.TestInvoker.invokeTestMethod(TestInvoker.java:230)\r\n\tat org.testng.internal.invokers.MethodRunner.runInSequence(MethodRunner.java:63)\r\n\tat org.testng.internal.invokers.TestInvoker$MethodInvocationAgent.invoke(TestInvoker.java:992)\r\n\tat org.testng.internal.invokers.TestInvoker.invokeTestMethods(TestInvoker.java:203)\r\n\tat org.testng.internal.invokers.TestMethodWorker.invokeTestMethods(TestMethodWorker.java:154)\r\n\tat org.testng.internal.invokers.TestMethodWorker.run(TestMethodWorker.java:134)\r\n\tat java.base/java.util.ArrayList.forEach(ArrayList.java:1596)\r\n\tat org.testng.TestRunner.privateRun(TestRunner.java:739)\r\n\tat org.testng.TestRunner.run(TestRunner.java:614)\r\n\tat org.testng.SuiteRunner.runTest(SuiteRunner.java:421)\r\n\tat org.testng.SuiteRunner.runSequentially(SuiteRunner.java:413)\r\n\tat org.testng.SuiteRunner.privateRun(SuiteRunner.java:373)\r\n\tat org.testng.SuiteRunner.run(SuiteRunner.java:312)\r\n\tat org.testng.SuiteRunnerWorker.runSuite(SuiteRunnerWorker.java:52)\r\n\tat org.testng.SuiteRunnerWorker.run(SuiteRunnerWorker.java:95)\r\n\tat org.testng.TestNG.runSuitesSequentially(TestNG.java:1274)\r\n\tat org.testng.TestNG.runSuitesLocally(TestNG.java:1208)\r\n\tat org.testng.TestNG.runSuites(TestNG.java:1112)\r\n\tat org.testng.TestNG.run(TestNG.java:1079)\r\n\tat com.intellij.rt.testng.IDEARemoteTestNG.run(IDEARemoteTestNG.java:65)\r\n\tat com.intellij.rt.testng.RemoteTestNGStarter.main(RemoteTestNGStarter.java:105)\r\n"},"stage":"finished","steps":[{"name":"Assertion failed; expected 1, but found 0","status":"failed","stage":"finished","steps":[],"attachments":[],"parameters":[],"start":1729079122175,"stop":1729079122175},{"name":"Assertion failed; expected 1, but found 0","status":"failed","stage":"finished","steps":[],"attachments":[],"parameters":[],"start":1729079122177,"stop":1729079122177}],"attachments":[],"parameters":[{"name":"Expected value","value":"1","mode":"default"},{"name":"Actual value","value":"0","mode":"default"},{"name":"Comparison type","value":"Equals","mode":"default"},{"name":"Validation","value":"Positive","mode":"default"}],"start":1729079122171,"stop":1729079122177}],"attachments":[{"name":"SHAFT Engine Logs - Current Method log: test","source":"125d3e87-41cf-4717-984d-9c11ca859ac8-attachment.txt","type":"text/plain"}],"parameters":[],"start":1729079100699,"stop":1729079122190}